<?xml version="1.0" encoding="UTF-8"?>
<testng-results skipped="0" failed="0" ignored="0" total="4" passed="4">
  <reporter-output>
  </reporter-output>
  <suite name="Suite" duration-ms="27" started-at="2021-06-28T02:50:12 IST" finished-at="2021-06-28T02:50:12 IST">
    <groups>
    </groups>
    <test name="Test" duration-ms="27" started-at="2021-06-28T02:50:12 IST" finished-at="2021-06-28T02:50:12 IST">
      <class name="qaclickacademy.AppiumTest">
        <test-method status="PASS" signature="iosApps()[pri:0, instance:qaclickacademy.AppiumTest@1f57539]" name="iosApps" duration-ms="2" started-at="2021-06-28T02:50:12 IST" finished-at="2021-06-28T02:50:12 IST">
          <reporter-output>
          </reporter-output>
        </test-method> <!-- iosApps -->
        <test-method status="PASS" signature="nativeAppAndroid()[pri:0, instance:qaclickacademy.AppiumTest@1f57539]" name="nativeAppAndroid" duration-ms="0" started-at="2021-06-28T02:50:12 IST" finished-at="2021-06-28T02:50:12 IST">
          <reporter-output>
          </reporter-output>
        </test-method> <!-- nativeAppAndroid -->
      </class> <!-- qaclickacademy.AppiumTest -->
      <class name="qaclickacademy.SeleniumTest">
        <test-method status="PASS" signature="elementsUI()[pri:0, instance:qaclickacademy.SeleniumTest@5faeada1]" name="elementsUI" duration-ms="1" started-at="2021-06-28T02:50:12 IST" finished-at="2021-06-28T02:50:12 IST">
          <reporter-output>
          </reporter-output>
        </test-method> <!-- elementsUI -->
        <test-method status="PASS" signature="browserAutomation()[pri:0, instance:qaclickacademy.SeleniumTest@5faeada1]" name="browserAutomation" duration-ms="0" started-at="2021-06-28T02:50:12 IST" finished-at="2021-06-28T02:50:12 IST">
          <reporter-output>
          </reporter-output>
        </test-method> <!-- browserAutomation -->
      </class> <!-- qaclickacademy.SeleniumTest -->
    </test> <!-- Test -->
  </suite> <!-- Suite -->
</testng-results>
